Nov 28 10:44:27.757 INFO: manager: 2.0.0
Nov 28 10:44:27.757 INFO: manager: Copyright (C) 2003-2022, Noriaki Ando and OpenRTM development team,
Nov 28 10:44:27.757 INFO: manager:   Intelligent Systems Research Institute, AIST,
Nov 28 10:44:27.757 INFO: manager: Copyright (C) 2022, Noriaki Ando and OpenRTM development team,
Nov 28 10:44:27.757 INFO: manager:   Industrial Cyber-Physical Research Center, AIST,
Nov 28 10:44:27.757 INFO: manager:   All right reserved.
Nov 28 10:44:27.757 INFO: manager: Manager starting.
Nov 28 10:44:27.757 INFO: manager: Starting local logging.
Nov 28 10:44:27.758 WARNING: NamingOnCorba: No endpoint for the CORBA naming service (localhost) was found.
Nov 28 10:44:27.758 INFO: NamingManager: NameServer connection succeeded: corba/localhost
Nov 28 10:44:27.758 INFO: ManagerServant: Named manager reference (INS) was successfully created.
Nov 28 10:44:27.759 WARNING: ManagerServant: Master manager not found
Nov 28 10:44:27.759 INFO: LocalServiceAdmin: All the local services are enabled.
Nov 28 10:44:27.759 INFO: ec_base: setRate(1000000.000000) done
Nov 28 10:44:27.759 INFO: ec_base: setRate(1000.000000) done
Nov 28 10:44:27.759 INFO: RTMtoROS0: 1 execution context was created.
Nov 28 10:44:27.762 INFO: RTMtoROS0: Initial active configuration set is default.
Nov 28 10:44:37.771 INFO: ManagerServant: Master manager not found
Nov 28 10:44:47.780 INFO: ManagerServant: Master manager not found
Nov 28 10:44:57.796 INFO: ManagerServant: Master manager not found
Nov 28 10:45:07.803 INFO: ManagerServant: Master manager not found
Nov 28 10:45:17.812 INFO: ManagerServant: Master manager not found
Nov 28 10:45:27.820 INFO: ManagerServant: Master manager not found
Nov 28 10:45:37.827 INFO: ManagerServant: Master manager not found
Nov 28 10:45:47.836 INFO: ManagerServant: Master manager not found
Nov 28 10:45:57.843 INFO: ManagerServant: Master manager not found
Nov 28 10:46:07.849 INFO: ManagerServant: Master manager not found
Nov 28 10:46:17.857 INFO: ManagerServant: Master manager not found
Nov 28 10:46:21.975 WARNING: SdoServiceAdmin: No available SDO service in the factory: 
Nov 28 10:46:27.864 INFO: ManagerServant: Master manager not found
Nov 28 10:46:37.871 INFO: ManagerServant: Master manager not found
Nov 28 10:46:47.878 INFO: ManagerServant: Master manager not found
Nov 28 10:46:57.886 INFO: ManagerServant: Master manager not found
Nov 28 10:47:07.895 INFO: ManagerServant: Master manager not found
Nov 28 10:47:17.905 INFO: ManagerServant: Master manager not found
Nov 28 10:47:27.915 INFO: ManagerServant: Master manager not found
Nov 28 10:47:37.923 INFO: ManagerServant: Master manager not found
Nov 28 10:47:47.933 INFO: ManagerServant: Master manager not found
Nov 28 10:47:57.943 INFO: ManagerServant: Master manager not found
Nov 28 10:48:07.951 INFO: ManagerServant: Master manager not found
Nov 28 10:48:17.959 INFO: ManagerServant: Master manager not found
Nov 28 10:48:27.966 INFO: ManagerServant: Master manager not found
Nov 28 10:48:37.974 INFO: ManagerServant: Master manager not found
Nov 28 10:48:47.980 INFO: ManagerServant: Master manager not found
Nov 28 10:48:57.988 INFO: ManagerServant: Master manager not found
Nov 28 10:49:07.995 INFO: ManagerServant: Master manager not found
Nov 28 10:49:18.002 INFO: ManagerServant: Master manager not found
Nov 28 10:49:28.008 INFO: ManagerServant: Master manager not found
Nov 28 10:49:38.015 INFO: ManagerServant: Master manager not found
Nov 28 10:49:48.022 INFO: ManagerServant: Master manager not found
Nov 28 10:49:58.031 INFO: ManagerServant: Master manager not found
Nov 28 10:50:08.041 INFO: ManagerServant: Master manager not found
Nov 28 10:50:18.049 INFO: ManagerServant: Master manager not found
Nov 28 10:50:28.057 INFO: ManagerServant: Master manager not found
Nov 28 10:50:38.065 INFO: ManagerServant: Master manager not found
Nov 28 10:50:48.073 INFO: ManagerServant: Master manager not found
Nov 28 10:50:58.079 INFO: ManagerServant: Master manager not found
Nov 28 10:51:08.091 INFO: ManagerServant: Master manager not found
Nov 28 10:51:18.100 INFO: ManagerServant: Master manager not found
Nov 28 10:51:28.107 INFO: ManagerServant: Master manager not found
Nov 28 10:51:38.114 INFO: ManagerServant: Master manager not found
Nov 28 10:51:48.121 INFO: ManagerServant: Master manager not found
Nov 28 10:51:58.128 INFO: ManagerServant: Master manager not found
Nov 28 10:52:08.135 INFO: ManagerServant: Master manager not found
Nov 28 10:52:18.142 INFO: ManagerServant: Master manager not found
Nov 28 10:52:28.150 INFO: ManagerServant: Master manager not found
Nov 28 10:52:38.159 INFO: ManagerServant: Master manager not found
Nov 28 10:52:48.168 INFO: ManagerServant: Master manager not found
Nov 28 10:52:58.176 INFO: ManagerServant: Master manager not found
Nov 28 10:53:08.184 INFO: ManagerServant: Master manager not found
Nov 28 10:53:18.192 INFO: ManagerServant: Master manager not found
Nov 28 10:53:28.199 INFO: ManagerServant: Master manager not found
Nov 28 10:53:38.206 INFO: ManagerServant: Master manager not found
Nov 28 10:53:48.214 INFO: ManagerServant: Master manager not found
Nov 28 10:53:58.221 INFO: ManagerServant: Master manager not found
Nov 28 10:54:08.227 INFO: ManagerServant: Master manager not found
Nov 28 10:54:18.235 INFO: ManagerServant: Master manager not found
Nov 28 10:54:28.243 INFO: ManagerServant: Master manager not found
Nov 28 10:54:38.250 INFO: ManagerServant: Master manager not found
Nov 28 10:54:48.256 INFO: ManagerServant: Master manager not found
Nov 28 10:54:58.264 INFO: ManagerServant: Master manager not found
Nov 28 10:55:08.271 INFO: ManagerServant: Master manager not found
Nov 28 10:55:18.278 INFO: ManagerServant: Master manager not found
Nov 28 10:55:28.287 INFO: ManagerServant: Master manager not found
Nov 28 10:55:38.296 INFO: ManagerServant: Master manager not found
Nov 28 10:55:48.305 INFO: ManagerServant: Master manager not found
Nov 28 10:55:58.313 INFO: ManagerServant: Master manager not found
Nov 28 10:56:08.324 INFO: ManagerServant: Master manager not found
Nov 28 10:56:18.336 INFO: ManagerServant: Master manager not found
Nov 28 10:56:28.347 INFO: ManagerServant: Master manager not found
Nov 28 10:56:38.358 INFO: ManagerServant: Master manager not found
Nov 28 10:56:48.368 INFO: ManagerServant: Master manager not found
Nov 28 10:56:58.378 INFO: ManagerServant: Master manager not found
Nov 28 10:57:08.390 INFO: ManagerServant: Master manager not found
Nov 28 10:57:18.400 INFO: ManagerServant: Master manager not found
Nov 28 10:57:28.409 INFO: ManagerServant: Master manager not found
Nov 28 10:57:38.418 INFO: ManagerServant: Master manager not found
Nov 28 10:57:48.428 INFO: ManagerServant: Master manager not found
Nov 28 10:57:58.439 INFO: ManagerServant: Master manager not found
Nov 28 10:58:08.448 INFO: ManagerServant: Master manager not found
Nov 28 10:58:18.456 INFO: ManagerServant: Master manager not found
Nov 28 10:58:28.463 INFO: ManagerServant: Master manager not found
Nov 28 10:58:38.470 INFO: ManagerServant: Master manager not found
Nov 28 10:58:48.477 INFO: ManagerServant: Master manager not found
Nov 28 10:58:58.484 INFO: ManagerServant: Master manager not found
Nov 28 10:59:08.491 INFO: ManagerServant: Master manager not found
Nov 28 10:59:18.497 INFO: ManagerServant: Master manager not found
Nov 28 10:59:28.503 INFO: ManagerServant: Master manager not found
Nov 28 10:59:38.511 INFO: ManagerServant: Master manager not found
Nov 28 10:59:48.519 INFO: ManagerServant: Master manager not found
Nov 28 10:59:58.526 INFO: ManagerServant: Master manager not found
Nov 28 11:00:08.532 INFO: ManagerServant: Master manager not found
Nov 28 11:00:18.539 INFO: ManagerServant: Master manager not found
Nov 28 11:00:28.545 INFO: ManagerServant: Master manager not found
Nov 28 11:00:38.551 INFO: ManagerServant: Master manager not found
Nov 28 11:00:48.558 INFO: ManagerServant: Master manager not found
Nov 28 11:00:58.564 INFO: ManagerServant: Master manager not found
Nov 28 11:01:08.571 INFO: ManagerServant: Master manager not found
Nov 28 11:01:18.577 INFO: ManagerServant: Master manager not found
Nov 28 11:01:28.584 INFO: ManagerServant: Master manager not found
Nov 28 11:01:38.591 INFO: ManagerServant: Master manager not found
Nov 28 11:01:48.598 INFO: ManagerServant: Master manager not found
Nov 28 11:01:58.604 INFO: ManagerServant: Master manager not found
Nov 28 11:02:08.610 INFO: ManagerServant: Master manager not found
Nov 28 11:02:18.615 INFO: ManagerServant: Master manager not found
Nov 28 11:02:28.621 INFO: ManagerServant: Master manager not found
Nov 28 11:02:38.628 INFO: ManagerServant: Master manager not found
Nov 28 11:02:48.634 INFO: ManagerServant: Master manager not found
Nov 28 11:02:58.640 INFO: ManagerServant: Master manager not found
Nov 28 11:03:08.645 INFO: ManagerServant: Master manager not found
Nov 28 11:03:18.651 INFO: ManagerServant: Master manager not found
Nov 28 11:03:28.657 INFO: ManagerServant: Master manager not found
Nov 28 11:03:38.663 INFO: ManagerServant: Master manager not found
Nov 28 11:03:48.669 INFO: ManagerServant: Master manager not found
Nov 28 11:03:58.675 INFO: ManagerServant: Master manager not found
Nov 28 11:04:08.682 INFO: ManagerServant: Master manager not found
Nov 28 11:04:18.688 INFO: ManagerServant: Master manager not found
