Nov 28 11:35:31.322 INFO: manager: 2.0.0
Nov 28 11:35:31.322 INFO: manager: Copyright (C) 2003-2022, Noriaki Ando and OpenRTM development team,
Nov 28 11:35:31.322 INFO: manager:   Intelligent Systems Research Institute, AIST,
Nov 28 11:35:31.322 INFO: manager: Copyright (C) 2022, Noriaki Ando and OpenRTM development team,
Nov 28 11:35:31.322 INFO: manager:   Industrial Cyber-Physical Research Center, AIST,
Nov 28 11:35:31.322 INFO: manager:   All right reserved.
Nov 28 11:35:31.322 INFO: manager: Manager starting.
Nov 28 11:35:31.322 INFO: manager: Starting local logging.
Nov 28 11:35:31.323 WARNING: NamingOnCorba: No endpoint for the CORBA naming service (localhost) was found.
Nov 28 11:35:31.323 INFO: NamingManager: NameServer connection succeeded: corba/localhost
Nov 28 11:35:31.323 INFO: ManagerServant: Named manager reference (INS) was successfully created.
Nov 28 11:35:31.323 WARNING: ManagerServant: Master manager not found
Nov 28 11:35:31.324 INFO: LocalServiceAdmin: All the local services are enabled.
Nov 28 11:35:31.325 INFO: ec_base: setRate(1000000.000000) done
Nov 28 11:35:31.325 INFO: ec_base: setRate(400.000000) done
Nov 28 11:35:31.325 INFO: RTMtoROS0: 1 execution context was created.
Nov 28 11:35:31.329 INFO: RTMtoROS0: Initial active configuration set is default.
Nov 28 11:35:41.339 INFO: ManagerServant: Master manager not found
Nov 28 11:35:51.348 INFO: ManagerServant: Master manager not found
Nov 28 11:36:01.356 INFO: ManagerServant: Master manager not found
Nov 28 11:36:11.364 INFO: ManagerServant: Master manager not found
Nov 28 11:36:21.373 INFO: ManagerServant: Master manager not found
Nov 28 11:36:31.381 INFO: ManagerServant: Master manager not found
Nov 28 11:36:41.389 INFO: ManagerServant: Master manager not found
Nov 28 11:36:51.399 INFO: ManagerServant: Master manager not found
Nov 28 11:37:01.409 INFO: ManagerServant: Master manager not found
Nov 28 11:37:11.419 INFO: ManagerServant: Master manager not found
Nov 28 11:37:21.428 INFO: ManagerServant: Master manager not found
Nov 28 11:37:22.024 WARNING: SdoServiceAdmin: No available SDO service in the factory: 
Nov 28 11:37:31.437 INFO: ManagerServant: Master manager not found
Nov 28 11:37:41.445 INFO: ManagerServant: Master manager not found
Nov 28 11:37:51.454 INFO: ManagerServant: Master manager not found
Nov 28 11:38:01.460 INFO: ManagerServant: Master manager not found
Nov 28 11:38:11.467 INFO: ManagerServant: Master manager not found
