Nov 28 11:40:07.930 INFO: manager: 2.0.0
Nov 28 11:40:07.930 INFO: manager: Copyright (C) 2003-2022, Noriaki Ando and OpenRTM development team,
Nov 28 11:40:07.930 INFO: manager:   Intelligent Systems Research Institute, AIST,
Nov 28 11:40:07.930 INFO: manager: Copyright (C) 2022, Noriaki Ando and OpenRTM development team,
Nov 28 11:40:07.930 INFO: manager:   Industrial Cyber-Physical Research Center, AIST,
Nov 28 11:40:07.930 INFO: manager:   All right reserved.
Nov 28 11:40:07.930 INFO: manager: Manager starting.
Nov 28 11:40:07.930 INFO: manager: Starting local logging.
Nov 28 11:40:07.931 WARNING: NamingOnCorba: No endpoint for the CORBA naming service (localhost) was found.
Nov 28 11:40:07.931 INFO: NamingManager: NameServer connection succeeded: corba/localhost
Nov 28 11:40:07.931 INFO: ManagerServant: Named manager reference (INS) was successfully created.
Nov 28 11:40:07.931 WARNING: ManagerServant: Master manager not found
Nov 28 11:40:07.932 INFO: LocalServiceAdmin: All the local services are enabled.
Nov 28 11:40:07.933 INFO: ec_base: setRate(1000000.000000) done
Nov 28 11:40:07.933 INFO: ec_base: setRate(400.000000) done
Nov 28 11:40:07.933 INFO: RTMtoROS0: 1 execution context was created.
Nov 28 11:40:07.937 INFO: RTMtoROS0: Initial active configuration set is default.
Nov 28 11:40:17.946 INFO: ManagerServant: Master manager not found
Nov 28 11:40:27.954 INFO: ManagerServant: Master manager not found
Nov 28 11:40:37.963 INFO: ManagerServant: Master manager not found
Nov 28 11:40:47.974 INFO: ManagerServant: Master manager not found
Nov 28 11:40:57.982 INFO: ManagerServant: Master manager not found
Nov 28 11:41:07.988 INFO: ManagerServant: Master manager not found
Nov 28 11:41:17.996 INFO: ManagerServant: Master manager not found
Nov 28 11:41:28.005 INFO: ManagerServant: Master manager not found
Nov 28 11:41:38.014 INFO: ManagerServant: Master manager not found
Nov 28 11:41:48.024 INFO: ManagerServant: Master manager not found
Nov 28 11:41:58.032 INFO: ManagerServant: Master manager not found
Nov 28 11:42:08.039 INFO: ManagerServant: Master manager not found
Nov 28 11:42:10.166 WARNING: SdoServiceAdmin: No available SDO service in the factory: 
Nov 28 11:42:18.048 INFO: ManagerServant: Master manager not found
Nov 28 11:42:28.058 INFO: ManagerServant: Master manager not found
Nov 28 11:42:38.065 INFO: ManagerServant: Master manager not found
Nov 28 11:42:48.073 INFO: ManagerServant: Master manager not found
Nov 28 11:42:58.080 INFO: ManagerServant: Master manager not found
Nov 28 11:43:08.087 INFO: ManagerServant: Master manager not found
