Nov 28 11:24:49.285 INFO: manager: 2.0.0
Nov 28 11:24:49.285 INFO: manager: Copyright (C) 2003-2022, Noriaki Ando and OpenRTM development team,
Nov 28 11:24:49.285 INFO: manager:   Intelligent Systems Research Institute, AIST,
Nov 28 11:24:49.285 INFO: manager: Copyright (C) 2022, Noriaki Ando and OpenRTM development team,
Nov 28 11:24:49.285 INFO: manager:   Industrial Cyber-Physical Research Center, AIST,
Nov 28 11:24:49.285 INFO: manager:   All right reserved.
Nov 28 11:24:49.285 INFO: manager: Manager starting.
Nov 28 11:24:49.285 INFO: manager: Starting local logging.
Nov 28 11:24:49.287 WARNING: NamingOnCorba: No endpoint for the CORBA naming service (localhost) was found.
Nov 28 11:24:49.287 INFO: NamingManager: NameServer connection succeeded: corba/localhost
Nov 28 11:24:49.287 INFO: ManagerServant: Named manager reference (INS) was successfully created.
Nov 28 11:24:49.287 WARNING: ManagerServant: Master manager not found
Nov 28 11:24:49.288 INFO: LocalServiceAdmin: All the local services are enabled.
Nov 28 11:24:49.289 INFO: ec_base: setRate(1000000.000000) done
Nov 28 11:24:49.289 INFO: ec_base: setRate(400.000000) done
Nov 28 11:24:49.289 INFO: RTMtoROS0: 1 execution context was created.
Nov 28 11:24:49.293 INFO: RTMtoROS0: Initial active configuration set is default.
Nov 28 11:24:59.300 INFO: ManagerServant: Master manager not found
Nov 28 11:25:09.309 INFO: ManagerServant: Master manager not found
Nov 28 11:25:19.317 INFO: ManagerServant: Master manager not found
Nov 28 11:25:29.325 INFO: ManagerServant: Master manager not found
Nov 28 11:25:39.334 INFO: ManagerServant: Master manager not found
Nov 28 11:25:49.342 INFO: ManagerServant: Master manager not found
Nov 28 11:25:59.350 INFO: ManagerServant: Master manager not found
Nov 28 11:26:09.358 INFO: ManagerServant: Master manager not found
Nov 28 11:26:19.367 INFO: ManagerServant: Master manager not found
Nov 28 11:26:29.375 INFO: ManagerServant: Master manager not found
Nov 28 11:26:39.383 INFO: ManagerServant: Master manager not found
Nov 28 11:26:49.390 INFO: ManagerServant: Master manager not found
Nov 28 11:26:59.397 INFO: ManagerServant: Master manager not found
Nov 28 11:27:09.404 INFO: ManagerServant: Master manager not found
Nov 28 11:27:19.411 INFO: ManagerServant: Master manager not found
Nov 28 11:27:29.419 INFO: ManagerServant: Master manager not found
Nov 28 11:27:39.426 INFO: ManagerServant: Master manager not found
Nov 28 11:27:49.433 INFO: ManagerServant: Master manager not found
Nov 28 11:27:59.440 INFO: ManagerServant: Master manager not found
Nov 28 11:28:09.449 INFO: ManagerServant: Master manager not found
Nov 28 11:28:19.457 INFO: ManagerServant: Master manager not found
Nov 28 11:28:29.464 INFO: ManagerServant: Master manager not found
Nov 28 11:28:39.471 INFO: ManagerServant: Master manager not found
Nov 28 11:28:49.478 INFO: ManagerServant: Master manager not found
Nov 28 11:28:56.348 WARNING: SdoServiceAdmin: No available SDO service in the factory: 
Nov 28 11:28:59.484 INFO: ManagerServant: Master manager not found
Nov 28 11:29:09.491 INFO: ManagerServant: Master manager not found
Nov 28 11:29:19.497 INFO: ManagerServant: Master manager not found
Nov 28 11:29:29.505 INFO: ManagerServant: Master manager not found
Nov 28 11:29:39.513 INFO: ManagerServant: Master manager not found
Nov 28 11:29:49.519 INFO: ManagerServant: Master manager not found
Nov 28 11:29:59.526 INFO: ManagerServant: Master manager not found
Nov 28 11:30:09.532 INFO: ManagerServant: Master manager not found
Nov 28 11:30:19.540 INFO: ManagerServant: Master manager not found
Nov 28 11:30:29.548 INFO: ManagerServant: Master manager not found
Nov 28 11:30:39.555 INFO: ManagerServant: Master manager not found
Nov 28 11:30:49.564 INFO: ManagerServant: Master manager not found
Nov 28 11:30:59.572 INFO: ManagerServant: Master manager not found
Nov 28 11:31:09.581 INFO: ManagerServant: Master manager not found
Nov 28 11:31:19.589 INFO: ManagerServant: Master manager not found
Nov 28 11:31:29.597 INFO: ManagerServant: Master manager not found
Nov 28 11:31:39.606 INFO: ManagerServant: Master manager not found
Nov 28 11:31:49.615 INFO: ManagerServant: Master manager not found
Nov 28 11:31:59.622 INFO: ManagerServant: Master manager not found
Nov 28 11:32:09.629 INFO: ManagerServant: Master manager not found
Nov 28 11:32:19.637 INFO: ManagerServant: Master manager not found
Nov 28 11:32:29.647 INFO: ManagerServant: Master manager not found
Nov 28 11:32:39.654 INFO: ManagerServant: Master manager not found
Nov 28 11:32:49.662 INFO: ManagerServant: Master manager not found
Nov 28 11:32:59.670 INFO: ManagerServant: Master manager not found
Nov 28 11:33:09.679 INFO: ManagerServant: Master manager not found
Nov 28 11:33:19.688 INFO: ManagerServant: Master manager not found
Nov 28 11:33:29.699 INFO: ManagerServant: Master manager not found
Nov 28 11:33:39.708 INFO: ManagerServant: Master manager not found
Nov 28 11:33:49.716 INFO: ManagerServant: Master manager not found
Nov 28 11:33:59.724 INFO: ManagerServant: Master manager not found
Nov 28 11:34:09.732 INFO: ManagerServant: Master manager not found
Nov 28 11:34:19.738 INFO: ManagerServant: Master manager not found
Nov 28 11:34:29.746 INFO: ManagerServant: Master manager not found
